<?xml version="1.0" encoding="UTF-8"?>
<metadata modelVersion="1.1.0">
    <groupId>dummy</groupId>
    <artifactId>dummy</artifactId>
    <versioning>
        <lastUpdated>xxxxxxxxtttttt</lastUpdated>
        <snapshot>
            <timestamp>xxxxxxxx.tttttt</timestamp>
            <buildNumber>1</buildNumber>
        </snapshot>
    </versioning>
    <version>5.0.0-SNAPSHOT</version>
</metadata>
